<?xml version="1.0" encoding="UTF-8"?>
<!-- Generated by org.testng.reporters.JUnitXMLReporter -->
<testsuite hostname="DESKTOP-C0IFO17" ignored="0" tests="0" failures="0" timestamp="2020-06-16T10:58:03 EET" time="0.415" errors="0">
  <testcase name="null" time="0.001" classname="runner.RunCukesTest">
    <failure type="cucumber.runtime.DuplicateStepDefinitionException" message="Duplicate step definitions in stepdefs.LoginStepDef.given_i_am_on_login_screen() in file:/C:/Users/eceer/Desktop/AppiumCucumberExample/target/test-classes/ and stepdefs.AddProductStepDef.ı_am_on_login_screen() in file:/C:/Users/eceer/Desktop/AppiumCucumberExample/target/test-classes/">
      <![CDATA[cucumber.runtime.DuplicateStepDefinitionException: Duplicate step definitions in stepdefs.LoginStepDef.given_i_am_on_login_screen() in file:/C:/Users/eceer/Desktop/AppiumCucumberExample/target/test-classes/ and stepdefs.AddProductStepDef.ı_am_on_login_screen() in file:/C:/Users/eceer/Desktop/AppiumCucumberExample/target/test-classes/
at cucumber.runner.Glue.addStepDefinition(Glue.java:38)
at cucumber.runtime.java.JavaBackend.addStepDefinition(JavaBackend.java:170)
at cucumber.runtime.java.MethodScanner.scan(MethodScanner.java:64)
at cucumber.runtime.java.MethodScanner.scan(MethodScanner.java:41)
at cucumber.runtime.java.JavaBackend.loadGlue(JavaBackend.java:111)
at cucumber.runner.Runner.<init>(Runner.java:39)
at cucumber.runner.ThreadLocalRunnerSupplier.createRunner(ThreadLocalRunnerSupplier.java:42)
at cucumber.runner.ThreadLocalRunnerSupplier.access$000(ThreadLocalRunnerSupplier.java:13)
at cucumber.runner.ThreadLocalRunnerSupplier$1.initialValue(ThreadLocalRunnerSupplier.java:22)
at cucumber.runner.ThreadLocalRunnerSupplier$1.initialValue(ThreadLocalRunnerSupplier.java:19)
at java.lang.ThreadLocal.setInitialValue(ThreadLocal.java:180)
at java.lang.ThreadLocal.get(ThreadLocal.java:170)
at cucumber.runner.ThreadLocalRunnerSupplier.get(ThreadLocalRunnerSupplier.java:38)
at io.cucumber.junit.Cucumber$RunCucumber.evaluate(Cucumber.java:173)
at org.junit.runners.ParentRunner$3.evaluate(ParentRunner.java:306)
at org.junit.runners.ParentRunner.run(ParentRunner.java:413)
at org.junit.runner.JUnitCore.run(JUnitCore.java:137)
at org.junit.runner.JUnitCore.run(JUnitCore.java:115)
at java.util.ArrayList.forEach(ArrayList.java:1257)
... Removed 23 stack frames]]>
    </failure>
  </testcase> <!-- null -->
</testsuite>
